[Message:   BepInEx] BepInEx 5.4.21.0 - Lethal Company (12/9/2023 12:25:29 PM)
[Info   :   BepInEx] Running under Unity v2022.3.9.15351836
[Info   :   BepInEx] CLR runtime version: 4.0.30319.42000
[Info   :   BepInEx] Supports SRE: True
[Info   :   BepInEx] System platform: Bits64, Windows
[Message:   BepInEx] Preloader started
[Info   :   BepInEx] Loaded 1 patcher method from [BepInEx.Preloader 5.4.21.0]
[Info   :   BepInEx] Loaded 1 patcher method from [BepInEx.MonoMod.HookGenPatcher 1.2.1.0]
[Info   :   BepInEx] 2 patcher plugins loaded
[Info   :   Console] [MonoMod] 
[Info   :   Console] Reading input file into module.
[Info   :HookGenPatcher] Starting HookGenerator
[Info   :HookGenPatcher] Done.
[Info   :   Console] [MonoMod] 
[Info   :   Console] Reading input file into module.
[Info   :HookGenPatcher] Starting HookGenerator
[Info   :HookGenPatcher] Done.
[Info   :   Console] [MonoMod] 
[Info   :   Console] Reading input file into module.
[Info   :HookGenPatcher] Starting HookGenerator
[Info   :HookGenPatcher] Done.
[Info   :   Console] [MonoMod] 
[Info   :   Console] Reading input file into module.
[Info   :HookGenPatcher] Starting HookGenerator
[Info   :HookGenPatcher] Done.
[Info   :   Console] [MonoMod] 
[Info   :   Console] Reading input file into module.
[Info   :HookGenPatcher] Starting HookGenerator
[Info   :HookGenPatcher] Done.
[Info   :   Console] [MonoMod] 
[Info   :   Console] Reading input file into module.
[Info   :HookGenPatcher] Starting HookGenerator
[Info   :HookGenPatcher] Done.
[Info   :   BepInEx] Patching [UnityEngine.CoreModule] with [BepInEx.Chainloader]
[Message:   BepInEx] Preloader finished
[Message:   BepInEx] Chainloader ready
[Message:   BepInEx] Chainloader started
[Info   :   BepInEx] 34 plugins to load
[Warning:   BepInEx] Plugin [AdditionalSuits 1.1.3] targets a wrong version of BepInEx (5.4.22.0) and might not work until you update
[Warning:   BepInEx] Plugin [Suit Saver 1.1.2] targets a wrong version of BepInEx (5.4.22.0) and might not work until you update
[Warning:   BepInEx] Plugin [MoreEmotes-Sligili 1.2.2] targets a wrong version of BepInEx (5.4.22.0) and might not work until you update
[Info   :   BepInEx] Loading [AdditionalSuits 1.1.3]
[Info   :ACS.AdditionalSuits] AdditionalSuits - initializing...
[Info   :ACS.AdditionalSuits] AdditionalSuits - initialized!
[Info   :   BepInEx] Loading [Terminal Api 1.3.0]
[Info   :Terminal Api] Plugin TerminalApi is loaded!
[Info   :   BepInEx] Loading [Lethal Company Input Utils 0.4.3]
[Warning:  HarmonyX] AccessTools.DeclaredMethod: Could not find method for type KepRemapPanel and name LoadKeybindsUI and parameters 
[Error  : Unity Log] ArgumentException: Undefined target method for patch method static void LethalCompanyInputUtils.Patches.KeyRemapPanelPatches+LoadKeybindsUIPatch::Prefix(KepRemapPanel __instance)
Stack trace:
HarmonyLib.PatchClassProcessor.PatchWithAttributes (System.Reflection.MethodBase& lastOriginal) (at <474744d65d8e460fa08cd5fd82b5d65f>:0)
HarmonyLib.PatchClassProcessor.Patch () (at <474744d65d8e460fa08cd5fd82b5d65f>:0)
Rethrow as HarmonyException: Patching exception in method null
HarmonyLib.PatchClassProcessor.ReportException (System.Exception exception, System.Reflection.MethodBase original) (at <474744d65d8e460fa08cd5fd82b5d65f>:0)
HarmonyLib.PatchClassProcessor.Patch () (at <474744d65d8e460fa08cd5fd82b5d65f>:0)
HarmonyLib.Harmony.<PatchAll>b__11_0 (System.Type type) (at <474744d65d8e460fa08cd5fd82b5d65f>:0)
HarmonyLib.CollectionExtensions.Do[T] (System.Collections.Generic.IEnumerable`1[T] sequence, System.Action`1[T] action) (at <474744d65d8e460fa08cd5fd82b5d65f>:0)
HarmonyLib.Harmony.PatchAll (System.Reflection.Assembly assembly) (at <474744d65d8e460fa08cd5fd82b5d65f>:0)
HarmonyLib.Harmony.CreateAndPatchAll (System.Reflection.Assembly assembly, System.String harmonyInstanceId) (at <474744d65d8e460fa08cd5fd82b5d65f>:0)
LethalCompanyInputUtils.LethalCompanyInputUtilsPlugin.Awake () (at <b13150566f7f45469fafe8d61a40423c>:0)
UnityEngine.GameObject:AddComponent(Type)
BepInEx.Bootstrap.Chainloader:Start()
UnityEngine.Rendering.HighDefinition.HDRenderPipelineAsset:OnEnable()

[Info   :   BepInEx] Loading [Terminal History 1.0.4]
[Info   :Terminal History] 


Plugin Terminal History is loaded!



[Info   :   BepInEx] Loading [PushToMute 1.0.0]
[Info   :Baba.PushToMute] Push To Mute successfully loaded!
[Info   :   BepInEx] Loading [BetterClock 1.0.3]
[Info   :BetterClock] Applying Harmony patches
[Info   :BetterClock] Patched HUDManager.Awake
[Info   :BetterClock] Patched HUDManager.SetClockVisible
[Info   :BetterClock] Patched HUDManager.SetClock
[Info   :BetterClock] Patched TimeOfDay.MoveTimeOfDay
[Info   :BetterClock] 4 patches applied
[Info   :   BepInEx] Loading [Quota Rollover 2.1.0]
[Info   :Quota Rollover] Mod Boxofbiscuits97.QuotraRollover is loaded!
[Info   :   BepInEx] Loading [motiontracker 1.0.0]
[Info   :   BepInEx] Loading [Lethal Company API 3.1.0]
[Warning:Lethal Company API] 
.____    _________           _____  __________ .___  
|    |   \_   ___ \         /  _  \ \______   \|   | 
|    |   /    \  \/        /  /_\  \ |     ___/|   | 
|    |___\     \____      /    |    \|    |    |   | 
|_______ \\______  /______\____|__  /|____|    |___| 
        \/       \//_____/        \/                 
                                                     
[Info   :Lethal Company API] LC_API Starting up..
[Info   :   BepInEx] Loading [Coroner 1.4.2]
[Info   :   Coroner] Injecting patch into Landmine.SpawnExplosion...
[Info   :   Coroner] Done.
[Info   :   Coroner] Plugin Coroner (com.elitemastereric.coroner) is loaded!
[Info   :   Coroner] Checking for LC_API...
[Info   :   Coroner] LCAPI is present! LC_API:3.1.0
[Debug  :   Coroner] Initializing DeathBroadcaster...
[Debug  :   Coroner] LC_API is present! Registering signature...
[Info   :   BepInEx] Loading [ShipLobby 1.0.2]
[Info   :   BepInEx] Loading [LethalLib 0.8.0]
[Info   : LethalLib] LethalLib loaded!!
[Info   :   BepInEx] Loading [More Ship Upgrades 2.8.0]
[Info   :More Ship Upgrades] [AssetBundleHandler] Loaded asset located in Assets/ShipUpgrades/LGUStore.prefab
[Info   :More Ship Upgrades] [AssetBundleHandler] Loaded asset located in Assets/ShipUpgrades/IntroScreen.prefab
[Info   :More Ship Upgrades] [AssetBundleHandler] Loaded asset located in Assets/ShipUpgrades/break.mp3
[Info   :More Ship Upgrades] [AssetBundleHandler] Loaded asset located in Assets/ShipUpgrades/error.mp3
[Info   :More Ship Upgrades] [AssetBundleHandler] Loaded asset located in Assets/ShipUpgrades/ButtonPress2.ogg
[Info   :More Ship Upgrades] [AssetBundleHandler] Loaded asset located in Assets/ShipUpgrades/TpButton.asset
[Info   :More Ship Upgrades] [AssetBundleHandler] Loaded asset located in Assets/ShipUpgrades/TpButtonAdv.asset
[Info   :More Ship Upgrades] [AssetBundleHandler] Loaded asset located in Assets/ShipUpgrades/NightVisionItem.asset
[Info   :More Ship Upgrades] [AssetBundleHandler] Loaded asset located in Assets/ShipUpgrades/MedKitItem.asset
[Info   :More Ship Upgrades] [AssetBundleHandler] Loaded asset located in Assets/ShipUpgrades/coilHead.asset
[Info   :More Ship Upgrades] [AssetBundleHandler] Loaded asset located in Assets/ShipUpgrades/Samples/SnareFleaSample.asset
[Info   :More Ship Upgrades] [AssetBundleHandler] Loaded asset located in Assets/ShipUpgrades/Samples/BunkerSpiderSample.asset
[Info   :More Ship Upgrades] [AssetBundleHandler] Loaded asset located in Assets/ShipUpgrades/Samples/HoardingBugSample.asset
[Info   :More Ship Upgrades] [AssetBundleHandler] Loaded asset located in Assets/ShipUpgrades/Samples/BrackenSample.asset
[Info   :More Ship Upgrades] [AssetBundleHandler] Loaded asset located in Assets/ShipUpgrades/Samples/EyelessDogSample.asset
[Info   :More Ship Upgrades] [AssetBundleHandler] Loaded asset located in Assets/ShipUpgrades/Samples/BaboonHawkSample.asset
[Info   :More Ship Upgrades] [AssetBundleHandler] Loaded asset located in Assets/ShipUpgrades/Samples/ThumperSample.asset
[Info   :More Ship Upgrades] [AssetBundleHandler] Loaded asset located in Assets/ShipUpgrades/DivingKitItem.asset
[Info   :More Ship Upgrades] [AssetBundleHandler] Loaded asset located in Assets/ShipUpgrades/beekeeper.prefab
[Info   :More Ship Upgrades] [AssetBundleHandler] Loaded asset located in Assets/ShipUpgrades/ProteinPowder.prefab
[Info   :More Ship Upgrades] [AssetBundleHandler] Loaded asset located in Assets/ShipUpgrades/BiggerLungs.prefab
[Info   :More Ship Upgrades] [AssetBundleHandler] Loaded asset located in Assets/ShipUpgrades/runningShoes.prefab
[Info   :More Ship Upgrades] [AssetBundleHandler] Loaded asset located in Assets/ShipUpgrades/strongLegs.prefab
[Info   :More Ship Upgrades] [AssetBundleHandler] Loaded asset located in Assets/ShipUpgrades/destructiveCodes.prefab
[Info   :More Ship Upgrades] [AssetBundleHandler] Loaded asset located in Assets/ShipUpgrades/lightFooted.prefab
[Info   :More Ship Upgrades] [AssetBundleHandler] Loaded asset located in Assets/ShipUpgrades/nightVision.prefab
[Info   :More Ship Upgrades] [AssetBundleHandler] Loaded asset located in Assets/ShipUpgrades/flashbangsfx.ogg
[Info   :More Ship Upgrades] [AssetBundleHandler] Loaded asset located in Assets/ShipUpgrades/terminalFlash.prefab
[Info   :More Ship Upgrades] [AssetBundleHandler] Loaded asset located in Assets/ShipUpgrades/strongScanner.prefab
[Info   :More Ship Upgrades] [AssetBundleHandler] Loaded asset located in Assets/ShipUpgrades/walkieUpgrade.prefab
[Info   :More Ship Upgrades] [AssetBundleHandler] Loaded asset located in Assets/ShipUpgrades/exoskeleton.prefab
[Info   :More Ship Upgrades] [AssetBundleHandler] Loaded asset located in Assets/ShipUpgrades/Intern.prefab
[Info   :More Ship Upgrades] [AssetBundleHandler] Loaded asset located in Assets/ShipUpgrades/Pager.prefab
[Info   :More Ship Upgrades] [AssetBundleHandler] Loaded asset located in Assets/ShipUpgrades/LightningRod.prefab
[Info   :More Ship Upgrades] [AssetBundleHandler] Loaded asset located in Assets/ShipUpgrades/LockSmith.prefab
[Info   :More Ship Upgrades] [AssetBundleHandler] Loaded asset located in Assets/ShipUpgrades/PlayerHealth.prefab
[Info   :More Ship Upgrades] [AssetBundleHandler] Loaded asset located in Assets/ShipUpgrades/Hunter.prefab
[Info   :More Ship Upgrades] LGU has been patched
[Info   :   BepInEx] Loading [CrossHair 1.0.0]
[Info   : CrossHair] Plugin CrossHair is loaded!
[Info   : CrossHair] CrossHairText: +
[Info   : CrossHair] CrossHairSize: 40
[Info   : CrossHair] CrossHairShadow: True
[Info   : CrossHair] CrossHairColor: (255, 255, 255, 50)
[Info   :   BepInEx] Loading [LethalThings 0.8.8]
[Info   :LethalThings] LethalLib version is 0.8.0, which is compatible with LethalThings 0.8.0+
[Info   :LethalThings] [Optional dependency] LethalCompanyInputUtils version is 0.4.3, which is compatible with LethalThings 0.8.0+
[Info   :LethalThings] Loaded asset bundle
[Info   :LethalThings] Registering shop item RocketLauncher with price 300
[Info   :LethalThings] Registering shop item Flaregun with price 100
[Info   :LethalThings] Registering shop item FlaregunAmmo with price 20
[Info   :LethalThings] Registering shop item RemoteRadar with price 60
[Info   :LethalThings] Registering shop item PouchyBelt with price 80
[Info   :LethalThings] Registering shop item HackingTool with price 50
[Info   :LethalThings] Custom content loaded!
[Info   :LethalThings] LethalThings loaded successfully!!!
[Info   :   BepInEx] Loading [BetterStamina 1.3.2]
[Info   :BetterStamina] BindingConfigs
[Info   :BetterStamina] BetterStamina loaded
[Info   :   BepInEx] Loading [FasterItemDropship 1.2.0]
[Info   :FasterItemDropship] BindingConfigs
[Info   :FasterItemDropship] FasterItemDropship loaded
[Info   :   BepInEx] Loading [WirelessCharging 1.0.0]
[Info   :floof.WirelessCharging] WirelessCharging active kiwicute
[Info   :   BepInEx] Loading [Suit Saver 1.1.2]
[Info   : Unity Log] [SS]: Suit Saver loaded successfully!
[Info   :   BepInEx] Loading [IntroTweaks 1.2.2]
[Info   :IntroTweaks] Plugin loaded.
[Info   :   BepInEx] Loading [LCBetterSaves 1.6.1]
[Info   :LCBetterSaves] Plugin LCBetterSaves is loaded!
[Info   :   BepInEx] Loading [LethalPresents 1.0.3]
[Info   :LethalPresents] Plugin LethalPresents is loaded!
[Info   :   BepInEx] Loading [MaskedEnemyRework 2.1.0]
[Info   :MaskedEnemyRework] Plugin MaskedEnemyRework is loaded! Woohoo!
[Info   :   BepInEx] Loading [MoreCompany 1.7.2]
[Info   :MoreCompany] Loading MoreCompany...
[Info   :MoreCompany] Checking: C:\Games\Lethal Company\BepInEx\plugins/MoreCompanyCosmetics
[Info   :MoreCompany] Creating cosmetics directory
[Info   :MoreCompany] Read settings and cosmetics
[Info   :MoreCompany] Loaded cosmetic: builtin.3dglasses from bundle
[Info   :MoreCompany] Loaded cosmetic: builtin.bunnyears from bundle
[Info   :MoreCompany] Loaded cosmetic: builtin.denimhat from bundle
[Info   :MoreCompany] Loaded cosmetic: builtin.fancyglasses from bundle
[Info   :MoreCompany] Loaded cosmetic: builtin.partyglasses from bundle
[Info   :MoreCompany] Loaded cosmetic: builtin.gunholster from bundle
[Info   :MoreCompany] Loaded cosmetic: builtin.hardhat from bundle
[Info   :MoreCompany] Loaded cosmetic: builtin.jesterhat from bundle
[Info   :MoreCompany] Loaded cosmetic: builtin.kittyears from bundle
[Info   :MoreCompany] Loaded cosmetic: builtin.mimemask from bundle
[Info   :MoreCompany] Loaded cosmetic: builtin.fancypants from bundle
[Info   :MoreCompany] Loaded cosmetic: builtin.outoforder from bundle
[Info   :MoreCompany] Loaded cosmetic: builtin.partyhat from bundle
[Info   :MoreCompany] Loaded cosmetic: builtin.plaguemask from bundle
[Info   :MoreCompany] Loaded cosmetic: builtin.propellerhat from bundle
[Info   :MoreCompany] Loaded cosmetic: builtin.eyeballs from bundle
[Info   :MoreCompany] Loaded cosmetic: builtin.rudolph from bundle
[Info   :MoreCompany] Loaded cosmetic: builtin.santahat from bundle
[Info   :MoreCompany] Loaded cosmetic: builtin.slimething from bundle
[Info   :MoreCompany] Loaded cosmetic: builtin.tophat from bundle
[Info   :MoreCompany] Loaded cosmetic: builtin.watch from bundle
[Info   :MoreCompany] Loading USER COSMETICS...
[Info   :MoreCompany] Loaded MoreCompany FULLY
[Info   :   BepInEx] Loading [MoreEmotes-Sligili 1.2.2]
[Info   :MoreEmotes-Sligili] MoreEmotes loaded
[Info   :   BepInEx] Loading [MoreTerminalCommands 1.0.1]
[Info   :MoreTerminalCommands] Plugin net.navarrotech.MoreTerminalCommands is loaded!
[Info   :   BepInEx] Loading [Better Item Scan 2.1.0.0]
[Info   :PopleZoo.BetterItemScan] Plugin BetterItemScan is loaded!
[Info   :   BepInEx] Loading [Helmet_Cameras 2.1.5]
[Info   :Helmet_Cameras] Plugin Helmet_Cameras is loaded with version 2.1.5!
[Info   :Helmet_Cameras] --------Helmet camera patch done.---------
[Info   :   BepInEx] Loading [Flashlight 1.5.0]
[Info   :Flashlight] ------Flashlight done.------
[Info   :   BepInEx] Loading [WalkieUse 1.4.0]
[Info   : WalkieUse] ------Walkie done.------
[Info   :   BepInEx] Loading [Skinwalker Mod 1.0.8]
[Info   :RugbugRedfern.SkinwalkerMod] SKINWALKER MOD STARTING UP 1.0.8
[Info   :RugbugRedfern.SkinwalkerMod] VoiceEnabled_BaboonHawk VALUE LOADED FROM CONFIG: [False]
[Info   :RugbugRedfern.SkinwalkerMod] VoiceEnabled_Bracken VALUE LOADED FROM CONFIG: [False]
[Info   :RugbugRedfern.SkinwalkerMod] VoiceEnabled_BunkerSpider VALUE LOADED FROM CONFIG: [False]
[Info   :RugbugRedfern.SkinwalkerMod] VoiceEnabled_Centipede VALUE LOADED FROM CONFIG: [False]
[Info   :RugbugRedfern.SkinwalkerMod] VoiceEnabled_CoilHead VALUE LOADED FROM CONFIG: [False]
[Info   :RugbugRedfern.SkinwalkerMod] VoiceEnabled_EyelessDog VALUE LOADED FROM CONFIG: [False]
[Info   :RugbugRedfern.SkinwalkerMod] VoiceEnabled_ForestGiant VALUE LOADED FROM CONFIG: [False]
[Info   :RugbugRedfern.SkinwalkerMod] VoiceEnabled_GhostGirl VALUE LOADED FROM CONFIG: [False]
[Info   :RugbugRedfern.SkinwalkerMod] VoiceEnabled_GiantWorm VALUE LOADED FROM CONFIG: [False]
[Info   :RugbugRedfern.SkinwalkerMod] VoiceEnabled_HoardingBug VALUE LOADED FROM CONFIG: [False]
[Info   :RugbugRedfern.SkinwalkerMod] VoiceEnabled_Hygrodere VALUE LOADED FROM CONFIG: [False]
[Info   :RugbugRedfern.SkinwalkerMod] VoiceEnabled_Jester VALUE LOADED FROM CONFIG: [False]
[Info   :RugbugRedfern.SkinwalkerMod] VoiceEnabled_Masked VALUE LOADED FROM CONFIG: [True]
[Info   :RugbugRedfern.SkinwalkerMod] VoiceEnabled_Nutcracker VALUE LOADED FROM CONFIG: [False]
[Info   :RugbugRedfern.SkinwalkerMod] VoiceEnabled_SporeLizard VALUE LOADED FROM CONFIG: [False]
[Info   :RugbugRedfern.SkinwalkerMod] VoiceEnabled_Thumper VALUE LOADED FROM CONFIG: [False]
[Info   :RugbugRedfern.SkinwalkerMod] VoiceLineFrequency VALUE LOADED FROM CONFIG: [2]
[Info   :RugbugRedfern.SkinwalkerMod] Skinwalker Mod Object Initialized
[Info   :   BepInEx] Loading [Solo's Ring Compass 1.0]
[Info   :Solo's Ring Compass] Plugin SolosRingCompass is loaded!
[Info   :   BepInEx] Loading [LC Always Hear Active Walkies 1.4.3]
[Info   :suskitech.LCAlwaysHearActiveWalkie] \ /
[Info   :suskitech.LCAlwaysHearActiveWalkie] /|\
[Info   :suskitech.LCAlwaysHearActiveWalkie]  |----|
[Info   :suskitech.LCAlwaysHearActiveWalkie]  |[__]| Always Hear Active Walkies
[Info   :suskitech.LCAlwaysHearActiveWalkie]  |.  .| Version 1.4.3 Loaded
[Info   :suskitech.LCAlwaysHearActiveWalkie]  |____|
[Info   :   BepInEx] Loading [Mimics 2.3.0]
[Info   :    Mimics] Plugin Mimics is loaded!
[Message:   BepInEx] Chainloader startup complete
[Info   : Unity Log] Changing gamma
[Info   : Unity Log] override float value: 0.2
[Info   : Unity Log] Overriding float
[Info   : Unity Log] Gamma changed
[Info   : Unity Log] Set gamma to new value: 0.2; (0.00, 0.00, 0.00, 0.20) (True)
[Info   :Solo's Ring Compass] SetFalse: 2
[Info   :Lethal Company API] LC_API Started!
[Info   : Unity Log] Saving changed settings
[Info   : Unity Log] Changing gamma
[Info   : Unity Log] override float value: 0.2
[Info   : Unity Log] Overriding float
[Info   : Unity Log] Gamma changed
[Info   : Unity Log] Set gamma to new value: 0.2; (0.00, 0.00, 0.00, 0.20) (True)
[Info   : Unity Log] subcribing to steam callbacks
[Error  : Unity Log] NullReferenceException: Object reference not set to an instance of an object
Stack trace:
IntroTweaks.Patches.MenuManagerPatch.ReplaceVersionText (MenuManager __instance) (at <b5909a4a8a8b4d4f9d120be2b6d958b7>:IL_000C)
(wrapper dynamic-method) MenuManager.DMD<MenuManager::Awake>(MenuManager)

[Info   :Solo's Ring Compass] SetFalse: 1
[Info   : Unity Log] Changing gamma
[Info   : Unity Log] override float value: 0.2
[Info   : Unity Log] Overriding float
[Info   : Unity Log] Gamma changed
[Info   : Unity Log] Set gamma to new value: 0.2; (0.00, 0.00, 0.00, 0.20) (True)
[Info   : Unity Log] Set version num
[Info   :Solo's Ring Compass] SetFalse: 0
[Info   : Unity Log] Changing gamma
[Info   : Unity Log] override float value: 0.2
[Info   : Unity Log] Overriding float
[Info   : Unity Log] Gamma changed
[Info   : Unity Log] Set gamma to new value: 0.2; (0.00, 0.00, 0.00, 0.20) (True)
[Info   : Unity Log] Positioning based on 2 saves.
[Info   : Unity Log] Found file: LCSaveFile1
[Info   : Unity Log] Found LGU file: LGU_1.json
[Info   : Unity Log] Found file: LCSaveFile2
[Info   : Unity Log] Renamed LCSaveFile1 to TempFile1
[Info   : Unity Log] Renamed LCSaveFile2 to TempFile2
[Info   : Unity Log] Renamed LGU_1.json to LGUTempFile1
[Info   : Unity Log] Renamed TempFile1 to LCSaveFile1
[Info   : Unity Log] Renamed TempFile2 to LCSaveFile2
[Info   : Unity Log] Renamed LGUTempFile1 to LGU_1.json
[Error  : Unity Log] Error occurred while refreshing save buttons: Input string was not in a correct format.
[Info   : Unity Log] [FacepunchTransport] - Initialized access to Steam Relay Network.
[Info   : Unity Log] [FacepunchTransport] - Fetched user Steam ID.
[Info   : Unity Log] [Netcode] ShutdownInternal
[Info   : Unity Log] Leaving current lobby
[Info   : Unity Log] Disconnecting and setting networkobjects to destroy with owner
[Info   : Unity Log] Server is not active; quitting to main menu
[Info   : Unity Log] Set version num
[Info   :Solo's Ring Compass] SetFalse: 0
[Info   : Unity Log] Changing gamma
[Info   : Unity Log] override float value: 0.2
[Info   : Unity Log] Overriding float
[Info   : Unity Log] Gamma changed
[Info   : Unity Log] Set gamma to new value: 0.2; (0.00, 0.00, 0.00, 0.20) (True)
[Info   : Unity Log] unsubscribing from steam callbacks
